<?xml version="1.0" encoding="UTF-8" ?>
<testsuite tests="4" failures="0" name="ValidatorServletUnitTest" time="0.026" errors="0" skipped="0">
  <properties>
[...]
</properties>
  <testcase classname="ValidatorServletUnitTest" name="testDoWork2" time="0.017"/>
  <testcase classname="ValidatorServletUnitTest" name="testDoWork3" time="0.001"/>
  <testcase classname="ValidatorServletUnitTest" name="testDoWork4" time="0.007"/>
  <testcase classname="ValidatorServletUnitTest" name="testDoWork1" time="0.001"/>
</testsuite>